#
# There is insufficient memory for the Java Runtime Environment to continue.
# Native memory allocation (malloc) failed to allocate 32744 bytes for ChunkPool::allocate
# Possible reasons:
#   The system is out of physical RAM or swap space
#   The process is running with CompressedOops enabled, and the Java Heap may be blocking the growth of the native heap
# Possible solutions:
#   Reduce memory load on the system
#   Increase physical memory or swap space
#   Check if swap backing store is full
#   Decrease Java heap size (-Xmx/-Xms)
#   Decrease number of Java threads
#   Decrease Java thread stack sizes (-Xss)
#   Set larger code cache with -XX:ReservedCodeCacheSize=
#   JVM is running with Unscaled Compressed Oops mode in which the Java heap is
#     placed in the first 4GB address space. The Java Heap base address is the
#     maximum limit for the native heap growth. Please use -XX:HeapBaseMinAddress
#     to set the Java Heap base and to place the Java Heap above 4GB virtual address.
# This output file may be truncated or incomplete.
#
#  Out of Memory Error (allocation.cpp:272), pid=22960, tid=0x0000000000002584
#
# JRE version: OpenJDK Runtime Environment (8.0_242-b01) (build 1.8.0_242-release-1644-b01)
# Java VM: OpenJDK 64-Bit Server VM (25.242-b01 mixed mode windows-amd64 compressed oops)
# Failed to write core dump. Minidumps are not enabled by default on client versions of Windows
#

---------------  T H R E A D  ---------------

Current thread (0x000000001421c000):  JavaThread "C2 CompilerThread1" daemon [_thread_in_native, id=9604, stack(0x0000000015970000,0x0000000015a70000)]

Stack: [0x0000000015970000,0x0000000015a70000]
[error occurred during error reporting (printing stack bounds), id 0xc0000005]

Native frames: (J=compiled Java code, j=interpreted, Vv=VM code, C=native code)


Current CompileTask:
C2:  14632 2187   !   4       java.net.URLClassLoader$1::run (63 bytes)


---------------  P R O C E S S  ---------------

Java Threads: ( => current thread )
  0x0000000016dfd000 JavaThread "Cache worker for execution history cache (C:\Users\DELL\.gradle\caches\6.2\executionHistory)" [_thread_blocked, id=2624, stack(0x000000001cbe0000,0x000000001cce0000)]
  0x0000000016dfc000 JavaThread "Cache worker for cache directory md-rule (C:\Users\DELL\.gradle\caches\6.2\md-rule)" [_thread_blocked, id=14324, stack(0x000000001cae0000,0x000000001cbe0000)]
  0x0000000016dfb000 JavaThread "Cache worker for cache directory md-supplier (C:\Users\DELL\.gradle\caches\6.2\md-supplier)" [_thread_blocked, id=10864, stack(0x000000001c7e0000,0x000000001c8e0000)]
  0x0000000016df8000 JavaThread "Cache worker for file hash cache (C:\Users\DELL\Documents\My Apps\Mobile App\firstclassbrain\android\.gradle\6.2\fileHashes)" [_thread_blocked, id=11944, stack(0x000000001c4e0000,0x000000001c5e0000)]
  0x0000000016dfa800 JavaThread "Cache worker for checksums cache (C:\Users\DELL\Documents\My Apps\Mobile App\firstclassbrain\android\.gradle\checksums)" [_thread_blocked, id=5024, stack(0x000000001b360000,0x000000001b460000)]
  0x0000000016dff000 JavaThread "Cache worker for file hash cache (C:\Users\DELL\.gradle\caches\6.2\fileHashes)" [_thread_blocked, id=17728, stack(0x0000000019f90000,0x000000001a090000)]
  0x0000000016dfd800 JavaThread "File lock request listener" [_thread_in_native, id=22600, stack(0x0000000019e90000,0x0000000019f90000)]
  0x0000000016ca4000 JavaThread "Cache worker for journal cache (C:\Users\DELL\.gradle\caches\journal-1)" [_thread_blocked, id=856, stack(0x0000000019d90000,0x0000000019e90000)]
  0x0000000015c1f000 JavaThread "Thread-9" [_thread_blocked, id=12892, stack(0x0000000019a90000,0x0000000019b90000)]
  0x0000000015c1c800 JavaThread "Stdin handler" [_thread_blocked, id=2644, stack(0x0000000019990000,0x0000000019a90000)]
  0x0000000015c4f000 JavaThread "Asynchronous log dispatcher for DefaultDaemonConnection: socket connection from /127.0.0.1:55410 to /127.0.0.1:55412" [_thread_blocked, id=14312, stack(0x0000000019890000,0x0000000019990000)]
  0x0000000015c4d800 JavaThread "Daemon worker" [_thread_in_vm, id=11168, stack(0x0000000019790000,0x0000000019890000)]
  0x0000000015c1b000 JavaThread "Cancel handler" [_thread_blocked, id=21984, stack(0x0000000019490000,0x0000000019590000)]
  0x0000000016c6c800 JavaThread "Handler for socket connection from /127.0.0.1:55410 to /127.0.0.1:55412" [_thread_in_native, id=11676, stack(0x0000000019390000,0x0000000019490000)]
  0x0000000016973800 JavaThread "Daemon" [_thread_blocked, id=11312, stack(0x0000000019290000,0x0000000019390000)]
  0x0000000016971800 JavaThread "Daemon periodic checks" [_thread_blocked, id=21600, stack(0x0000000019190000,0x0000000019290000)]
  0x0000000016c36000 JavaThread "Incoming local TCP Connector on port 55410" [_thread_in_native, id=10192, stack(0x0000000018f50000,0x0000000019050000)]
  0x0000000017b70000 JavaThread "Daemon health stats" [_thread_blocked, id=22464, stack(0x0000000018910000,0x0000000018a10000)]
  0x000000001426d800 JavaThread "Service Thread" daemon [_thread_blocked, id=16212, stack(0x0000000015f70000,0x0000000016070000)]
  0x0000000015a80800 JavaThread "C1 CompilerThread2" daemon [_thread_blocked, id=18976, stack(0x0000000015e70000,0x0000000015f70000)]
=>0x000000001421c000 JavaThread "C2 CompilerThread1" daemon [_thread_in_native, id=9604, stack(0x0000000015970000,0x0000000015a70000)]
  0x0000000014217800 JavaThread "C2 CompilerThread0" daemon [_thread_in_native, id=3356, stack(0x0000000015870000,0x0000000015970000)]
  0x0000000014216000 JavaThread "Attach Listener" daemon [_thread_blocked, id=4676, stack(0x0000000015770000,0x0000000015870000)]
  0x0000000014214800 JavaThread "Signal Dispatcher" daemon [_thread_blocked, id=17984, stack(0x0000000015670000,0x0000000015770000)]
  0x0000000002de6000 JavaThread "Finalizer" daemon [_thread_blocked, id=7524, stack(0x0000000015470000,0x0000000015570000)]
  0x00000000141f9800 JavaThread "Reference Handler" daemon [_thread_blocked, id=8624, stack(0x0000000015370000,0x0000000015470000)]
  0x0000000002cf2800 JavaThread "main" [_thread_blocked, id=10068, stack(0x0000000002a30000,0x0000000002b30000)]

Other Threads:
  0x00000000141d7000 VMThread [stack: 0x0000000015270000,0x0000000015370000] [id=22144]
  0x000000001426e800 WatcherThread [stack: 0x0000000016070000,0x0000000016170000] [id=12296]

VM state:not at safepoint (normal execution)

VM Mutex/Monitor currently owned by a thread: None

heap address: 0x00000000e0000000, size: 512 MB, Compressed Oops mode: 32-bit
Narrow klass base: 0x0000000000000000, Narrow klass shift: 3
Compressed class space size: 1073741824 Address: 0x0000000100000000

Heap:
 PSYoungGen      total 141824K, used 48815K [0x00000000f5580000, 0x00000000fea80000, 0x0000000100000000)
  eden space 131072K, 37% used [0x00000000f5580000,0x00000000f852bce8,0x00000000fd580000)
  from space 10752K, 0% used [0x00000000fd580000,0x00000000fd580000,0x00000000fe000000)
  to   space 10752K, 0% used [0x00000000fe000000,0x00000000fe000000,0x00000000fea80000)
 ParOldGen       total 175104K, used 11844K [0x00000000e0000000, 0x00000000eab00000, 0x00000000f5580000)
  object space 175104K, 6% used [0x00000000e0000000,0x00000000e0b91348,0x00000000eab00000)
 Metaspace       used 27578K, capacity 28268K, committed 28336K, reserved 1073152K
  class space    used 3796K, capacity 3995K, committed 4016K, reserved 1048576K

Card table byte_map: [0x00000000121b0000,0x00000000122c0000] byte_map_base: 0x0000000011ab0000

Marking Bits: (ParMarkBitMap*) 0x0000000060d1f030
 Begin Bits: [0x0000000012770000, 0x0000000012f70000)
 End Bits:   [0x0000000012f70000, 0x0000000013770000)

Polling page: 0x0000000002b30000

CodeCache: size=245760Kb used=7573Kb max_used=7586Kb free=238186Kb
 bounds [0x0000000002df0000, 0x0000000003560000, 0x0000000011df0000]
 total_blobs=2629 nmethods=2185 adapters=357
 compilation: enabled

Compilation events (10 events):
Event: 14.604 Thread 0x0000000015a80800 2193       3       org.codehaus.groovy.util.ComplexKeyHashMap::hash (31 bytes)
Event: 14.604 Thread 0x0000000015a80800 nmethod 2193 0x000000000354d1d0 code [0x000000000354d320, 0x000000000354d470]
Event: 14.604 Thread 0x0000000015a80800 2194       3       groovy.lang.MetaClassImpl::filterPropertyMethod (305 bytes)
Event: 14.606 Thread 0x0000000015a80800 nmethod 2194 0x0000000003552850 code [0x0000000003552b40, 0x0000000003554608]
Event: 14.610 Thread 0x0000000015a80800 2196       3       org.codehaus.groovy.reflection.stdclasses.CachedSAMClass::getAbstractMethods (122 bytes)
Event: 14.611 Thread 0x0000000015a80800 nmethod 2196 0x0000000003554e90 code [0x00000000035550c0, 0x0000000003555e88]
Event: 14.616 Thread 0x000000001421c000 nmethod 2185 0x0000000003559a50 code [0x0000000003559c80, 0x000000000355a6e0]
Event: 14.616 Thread 0x000000001421c000 2195       4       sun.misc.URLClassPath::getResource (83 bytes)
Event: 14.622 Thread 0x000000001421c000 nmethod 2195 0x000000000355afd0 code [0x000000000355b140, 0x000000000355b808]
Event: 14.622 Thread 0x000000001421c000 2187   !   4       java.net.URLClassLoader$1::run (63 bytes)

GC Heap History (8 events):
Event: 3.627 GC heap before
{Heap before GC invocations=1 (full 0):
 PSYoungGen      total 76288K, used 65536K [0x00000000f5580000, 0x00000000faa80000, 0x0000000100000000)
  eden space 65536K, 100% used [0x00000000f5580000,0x00000000f9580000,0x00000000f9580000)
  from space 10752K, 0% used [0x00000000fa000000,0x00000000fa000000,0x00000000faa80000)
  to   space 10752K, 0% used [0x00000000f9580000,0x00000000f9580000,0x00000000fa000000)
 ParOldGen       total 175104K, used 0K [0x00000000e0000000, 0x00000000eab00000, 0x00000000f5580000)
  object space 175104K, 0% used [0x00000000e0000000,0x00000000e0000000,0x00000000eab00000)
 Metaspace       used 7428K, capacity 7606K, committed 7680K, reserved 1056768K
  class space    used 907K, capacity 981K, committed 1024K, reserved 1048576K
Event: 3.691 GC heap after
Heap after GC invocations=1 (full 0):
 PSYoungGen      total 76288K, used 5630K [0x00000000f5580000, 0x00000000fea80000, 0x0000000100000000)
  eden space 65536K, 0% used [0x00000000f5580000,0x00000000f5580000,0x00000000f9580000)
  from space 10752K, 52% used [0x00000000f9580000,0x00000000f9aff910,0x00000000fa000000)
  to   space 10752K, 0% used [0x00000000fe000000,0x00000000fe000000,0x00000000fea80000)
 ParOldGen       total 175104K, used 8K [0x00000000e0000000, 0x00000000eab00000, 0x00000000f5580000)
  object space 175104K, 0% used [0x00000000e0000000,0x00000000e0002000,0x00000000eab00000)
 Metaspace       used 7428K, capacity 7606K, committed 7680K, reserved 1056768K
  class space    used 907K, capacity 981K, committed 1024K, reserved 1048576K
}
Event: 8.157 GC heap before
{Heap before GC invocations=2 (full 0):
 PSYoungGen      total 76288K, used 71152K [0x00000000f5580000, 0x00000000fea80000, 0x0000000100000000)
  eden space 65536K, 99% used [0x00000000f5580000,0x00000000f957ca40,0x00000000f9580000)
  from space 10752K, 52% used [0x00000000f9580000,0x00000000f9aff910,0x00000000fa000000)
  to   space 10752K, 0% used [0x00000000fe000000,0x00000000fe000000,0x00000000fea80000)
 ParOldGen       total 175104K, used 8K [0x00000000e0000000, 0x00000000eab00000, 0x00000000f5580000)
  object space 175104K, 0% used [0x00000000e0000000,0x00000000e0002000,0x00000000eab00000)
 Metaspace       used 14821K, capacity 15138K, committed 15232K, reserved 1062912K
  class space    used 1958K, capacity 2099K, committed 2176K, reserved 1048576K
Event: 8.180 GC heap after
Heap after GC invocations=2 (full 0):
 PSYoungGen      total 141824K, used 9263K [0x00000000f5580000, 0x00000000fea80000, 0x0000000100000000)
  eden space 131072K, 0% used [0x00000000f5580000,0x00000000f5580000,0x00000000fd580000)
  from space 10752K, 86% used [0x00000000fe000000,0x00000000fe90bcf0,0x00000000fea80000)
  to   space 10752K, 0% used [0x00000000fd580000,0x00000000fd580000,0x00000000fe000000)
 ParOldGen       total 175104K, used 16K [0x00000000e0000000, 0x00000000eab00000, 0x00000000f5580000)
  object space 175104K, 0% used [0x00000000e0000000,0x00000000e0004000,0x00000000eab00000)
 Metaspace       used 14821K, capacity 15138K, committed 15232K, reserved 1062912K
  class space    used 1958K, capacity 2099K, committed 2176K, reserved 1048576K
}
Event: 11.400 GC heap before
{Heap before GC invocations=3 (full 0):
 PSYoungGen      total 141824K, used 90913K [0x00000000f5580000, 0x00000000fea80000, 0x0000000100000000)
  eden space 131072K, 62% used [0x00000000f5580000,0x00000000fa53c808,0x00000000fd580000)
  from space 10752K, 86% used [0x00000000fe000000,0x00000000fe90bcf0,0x00000000fea80000)
  to   space 10752K, 0% used [0x00000000fd580000,0x00000000fd580000,0x00000000fe000000)
 ParOldGen       total 175104K, used 16K [0x00000000e0000000, 0x00000000eab00000, 0x00000000f5580000)
  object space 175104K, 0% used [0x00000000e0000000,0x00000000e0004000,0x00000000eab00000)
 Metaspace       used 20722K, capacity 21274K, committed 21296K, reserved 1067008K
  class space    used 2913K, capacity 3101K, committed 3120K, reserved 1048576K
Event: 11.418 GC heap after
Heap after GC invocations=3 (full 0):
 PSYoungGen      total 141824K, used 10729K [0x00000000f5580000, 0x00000000fea80000, 0x0000000100000000)
  eden space 131072K, 0% used [0x00000000f5580000,0x00000000f5580000,0x00000000fd580000)
  from space 10752K, 99% used [0x00000000fd580000,0x00000000fdffa568,0x00000000fe000000)
  to   space 10752K, 0% used [0x00000000fe000000,0x00000000fe000000,0x00000000fea80000)
 ParOldGen       total 175104K, used 1538K [0x00000000e0000000, 0x00000000eab00000, 0x00000000f5580000)
  object space 175104K, 0% used [0x00000000e0000000,0x00000000e0180af8,0x00000000eab00000)
 Metaspace       used 20722K, capacity 21274K, committed 21296K, reserved 1067008K
  class space    used 2913K, capacity 3101K, committed 3120K, reserved 1048576K
}
Event: 11.418 GC heap before
{Heap before GC invocations=4 (full 1):
 PSYoungGen      total 141824K, used 10729K [0x00000000f5580000, 0x00000000fea80000, 0x0000000100000000)
  eden space 131072K, 0% used [0x00000000f5580000,0x00000000f5580000,0x00000000fd580000)
  from space 10752K, 99% used [0x00000000fd580000,0x00000000fdffa568,0x00000000fe000000)
  to   space 10752K, 0% used [0x00000000fe000000,0x00000000fe000000,0x00000000fea80000)
 ParOldGen       total 175104K, used 1538K [0x00000000e0000000, 0x00000000eab00000, 0x00000000f5580000)
  object space 175104K, 0% used [0x00000000e0000000,0x00000000e0180af8,0x00000000eab00000)
 Metaspace       used 20722K, capacity 21274K, committed 21296K, reserved 1067008K
  class space    used 2913K, capacity 3101K, committed 3120K, reserved 1048576K
Event: 11.634 GC heap after
Heap after GC invocations=4 (full 1):
 PSYoungGen      total 141824K, used 0K [0x00000000f5580000, 0x00000000fea80000, 0x0000000100000000)
  eden space 131072K, 0% used [0x00000000f5580000,0x00000000f5580000,0x00000000fd580000)
  from space 10752K, 0% used [0x00000000fd580000,0x00000000fd580000,0x00000000fe000000)
  to   space 10752K, 0% used [0x00000000fe000000,0x00000000fe000000,0x00000000fea80000)
 ParOldGen       total 175104K, used 11844K [0x00000000e0000000, 0x00000000eab00000, 0x00000000f5580000)
  object space 175104K, 6% used [0x00000000e0000000,0x00000000e0b91348,0x00000000eab00000)
 Metaspace       used 20722K, capacity 21274K, committed 21296K, reserved 1067008K
  class space    used 2913K, capacity 3101K, committed 3120K, reserved 1048576K
}

Deoptimization events (10 events):
Event: 10.206 Thread 0x0000000015c4d800 Uncommon trap: reason=unstable_if action=reinterpret pc=0x0000000003097240 method=java.net.URI.match(CJJ)Z @ 19
Event: 10.930 Thread 0x0000000015c4d800 Uncommon trap: reason=unstable_if action=reinterpret pc=0x00000000032c49e4 method=java.util.HashMap.hash(Ljava/lang/Object;)I @ 1
Event: 10.952 Thread 0x0000000015c4d800 Uncommon trap: reason=unstable_if action=reinterpret pc=0x0000000003290368 method=java.util.HashMap.hash(Ljava/lang/Object;)I @ 1
Event: 11.644 Thread 0x0000000015c4d800 Uncommon trap: reason=unstable_if action=reinterpret pc=0x000000000310bd4c method=java.io.WinNTFileSystem.resolve(Ljava/lang/String;Ljava/lang/String;)Ljava/lang/String; @ 49
Event: 11.784 Thread 0x0000000015c4d800 Uncommon trap: reason=unstable_if action=reinterpret pc=0x000000000312a370 method=java.util.LinkedHashMap.afterNodeInsertion(Z)V @ 1
Event: 12.711 Thread 0x0000000015c4d800 Uncommon trap: reason=unstable_if action=reinterpret pc=0x000000000329b290 method=java.util.HashMap.putVal(ILjava/lang/Object;Ljava/lang/Object;ZZ)Ljava/lang/Object; @ 162
Event: 14.575 Thread 0x0000000015c4d800 Uncommon trap: reason=class_check action=maybe_recompile pc=0x00000000034f09a0 method=sun.misc.URLClassPath.getLoader(I)Lsun/misc/URLClassPath$Loader; @ 94
Event: 14.575 Thread 0x0000000015c4d800 Uncommon trap: reason=class_check action=maybe_recompile pc=0x000000000333b7c4 method=sun.misc.URLClassPath.getResource(Ljava/lang/String;Z)Lsun/misc/Resource; @ 62
Event: 14.575 Thread 0x0000000015c4d800 Uncommon trap: reason=unstable_if action=reinterpret pc=0x00000000034d33bc method=java.lang.String.regionMatches(ZILjava/lang/String;II)Z @ 41
Event: 14.580 Thread 0x0000000015c4d800 Uncommon trap: reason=unstable_if action=reinterpret pc=0x00000000032d72b4 method=java.lang.ClassLoader.getClassLoadingLock(Ljava/lang/String;)Ljava/lang/Object; @ 6

Classes redefined (0 events):
No events

Internal exceptions (10 events):
Event: 14.207 Thread 0x0000000015c4d800 Exception <a 'java/lang/ClassNotFoundException': java/lang/ObjectBeanInfo> (0x00000000f7d66778) thrown at [C:\src\AOSP-openjdk-git\hotspot\src\share\vm\classfile\systemDictionary.cpp, line 210]
Event: 14.208 Thread 0x0000000015c4d800 Exception <a 'java/lang/ClassNotFoundException': java/lang/ObjectCustomizer> (0x00000000f7d6f328) thrown at [C:\src\AOSP-openjdk-git\hotspot\src\share\vm\classfile\systemDictionary.cpp, line 210]
Event: 14.220 Thread 0x0000000015c4d800 Exception <a 'java/lang/ClassNotFoundException': groovy/lang/MetaClassImplCustomizer> (0x00000000f7d88b60) thrown at [C:\src\AOSP-openjdk-git\hotspot\src\share\vm\classfile\systemDictionary.cpp, line 210]
Event: 14.238 Thread 0x0000000015c4d800 Exception <a 'java/lang/ClassNotFoundException': groovy/lang/ExpandoMetaClassCustomizer> (0x00000000f7dc0fa8) thrown at [C:\src\AOSP-openjdk-git\hotspot\src\share\vm\classfile\systemDictionary.cpp, line 210]
Event: 14.410 Thread 0x0000000015c4d800 Exception <a 'java/lang/ClassNotFoundException': org/gradle/internal/extensibility/DefaultExtraPropertiesExtensionBeanInfo> (0x00000000f8041578) thrown at [C:\src\AOSP-openjdk-git\hotspot\src\share\vm\classfile\systemDictionary.cpp, line 210]
Event: 14.410 Thread 0x0000000015c4d800 Exception <a 'java/lang/ClassNotFoundException': groovy/lang/GroovyObjectSupportBeanInfo> (0x00000000f8056440) thrown at [C:\src\AOSP-openjdk-git\hotspot\src\share\vm\classfile\systemDictionary.cpp, line 210]
Event: 14.411 Thread 0x0000000015c4d800 Exception <a 'java/lang/ClassNotFoundException': groovy/lang/GroovyObjectSupportCustomizer> (0x00000000f806b8b0) thrown at [C:\src\AOSP-openjdk-git\hotspot\src\share\vm\classfile\systemDictionary.cpp, line 210]
Event: 14.413 Thread 0x0000000015c4d800 Exception <a 'java/lang/ClassNotFoundException': org/gradle/internal/extensibility/DefaultExtraPropertiesExtensionCustomizer> (0x00000000f8090560) thrown at [C:\src\AOSP-openjdk-git\hotspot\src\share\vm\classfile\systemDictionary.cpp, line 210]
Event: 14.603 Thread 0x0000000015c4d800 Exception <a 'java/lang/ClassNotFoundException': groovy/lang/BindingBeanInfo> (0x00000000f83c5e20) thrown at [C:\src\AOSP-openjdk-git\hotspot\src\share\vm\classfile\systemDictionary.cpp, line 210]
Event: 14.603 Thread 0x0000000015c4d800 Exception <a 'java/lang/ClassNotFoundException': groovy/lang/BindingCustomizer> (0x00000000f83d8550) thrown at [C:\src\AOSP-openjdk-git\hotspot\src\share\vm\classfile\systemDictionary.cpp, line 210]

Events (10 events):
Event: 14.603 loading class groovy/lang/BindingCustomizer
Event: 14.603 loading class groovy/lang/BindingCustomizer done
Event: 14.603 loading class groovy/lang/BindingCustomizer
Event: 14.603 loading class groovy/lang/BindingCustomizer done
Event: 14.605 loading class groovy/runtime/metaclass/settings_b4oarfpomzrllaxlyntct5kmxMetaClass
Event: 14.605 loading class groovy/runtime/metaclass/settings_b4oarfpomzrllaxlyntct5kmxMetaClass done
Event: 14.605 loading class org/gradle/api/resources/ResourceHandler
Event: 14.605 loading class org/gradle/api/resources/ResourceHandler done
Event: 14.606 loading class org/gradle/process/ExecResult
Event: 14.606 loading class org/gradle/process/ExecResult done


Dynamic libraries:
0x00007ff7dfc90000 - 0x00007ff7dfcc1000 	C:\Program Files\Android\Android Studio\jre\bin\java.exe
0x00007ff836350000 - 0x00007ff836545000 	C:\Windows\SYSTEM32\ntdll.dll
0x00007ff835670000 - 0x00007ff83572d000 	C:\Windows\System32\KERNEL32.DLL
0x00007ff833ba0000 - 0x00007ff833e67000 	C:\Windows\System32\KERNELBASE.dll
0x00007ff835a50000 - 0x00007ff835afa000 	C:\Windows\System32\ADVAPI32.dll
0x00007ff835930000 - 0x00007ff8359ce000 	C:\Windows\System32\msvcrt.dll
0x00007ff835b00000 - 0x00007ff835b9b000 	C:\Windows\System32\sechost.dll
0x00007ff834490000 - 0x00007ff8345b4000 	C:\Windows\System32\RPCRT4.dll
0x00007ff8354d0000 - 0x00007ff835670000 	C:\Windows\System32\USER32.dll
0x00007ff833ec0000 - 0x00007ff833ee2000 	C:\Windows\System32\win32u.dll
0x00007ff834d10000 - 0x00007ff834d3a000 	C:\Windows\System32\GDI32.dll
0x00007ff833a90000 - 0x00007ff833b99000 	C:\Windows\System32\gdi32full.dll
0x00007ff834290000 - 0x00007ff83432d000 	C:\Windows\System32\msvcp_win.dll
0x00007ff834190000 - 0x00007ff834290000 	C:\Windows\System32\ucrtbase.dll
0x00007ff823d70000 - 0x00007ff82400b000 	C:\Windows\WinSxS\amd64_microsoft.windows.common-controls_6595b64144ccf1df_6.0.19041.488_none_ca04af081b815d21\COMCTL32.dll
0x00007ff835850000 - 0x00007ff835880000 	C:\Windows\System32\IMM32.DLL
0x0000000060da0000 - 0x0000000060e72000 	C:\Program Files\Android\Android Studio\jre\jre\bin\msvcr100.dll
0x0000000060550000 - 0x0000000060d9b000 	C:\Program Files\Android\Android Studio\jre\jre\bin\server\jvm.dll
0x00007ff834e60000 - 0x00007ff834e68000 	C:\Windows\System32\PSAPI.DLL
0x00007ff821530000 - 0x00007ff821539000 	C:\Windows\SYSTEM32\WSOCK32.dll
0x00007ff8359d0000 - 0x00007ff835a3b000 	C:\Windows\System32\WS2_32.dll
0x00007ff8247f0000 - 0x00007ff824817000 	C:\Windows\SYSTEM32\WINMM.dll
0x00007ff8240f0000 - 0x00007ff8240fa000 	C:\Windows\SYSTEM32\VERSION.dll
0x00007ff82ee10000 - 0x00007ff82ee1f000 	C:\Program Files\Android\Android Studio\jre\jre\bin\verify.dll
0x00007ff81d460000 - 0x00007ff81d489000 	C:\Program Files\Android\Android Studio\jre\jre\bin\java.dll
0x00007ff82ed70000 - 0x00007ff82ed86000 	C:\Program Files\Android\Android Studio\jre\jre\bin\zip.dll
0x00007ff8345c0000 - 0x00007ff834d01000 	C:\Windows\System32\SHELL32.dll
0x00007ff831bf0000 - 0x00007ff832383000 	C:\Windows\SYSTEM32\windows.storage.dll
0x00007ff835ba0000 - 0x00007ff835ef5000 	C:\Windows\System32\combase.dll
0x00007ff833500000 - 0x00007ff83352c000 	C:\Windows\SYSTEM32\Wldp.dll
0x00007ff835880000 - 0x00007ff83592e000 	C:\Windows\System32\SHCORE.dll
0x00007ff835340000 - 0x00007ff835395000 	C:\Windows\System32\shlwapi.dll
0x00007ff8339c0000 - 0x00007ff8339e6000 	C:\Windows\SYSTEM32\profapi.dll
0x00007ff821a80000 - 0x00007ff821a9a000 	C:\Program Files\Android\Android Studio\jre\jre\bin\net.dll
0x00007ff833280000 - 0x00007ff8332ea000 	C:\Windows\system32\mswsock.dll
0x00007ff81d330000 - 0x00007ff81d343000 	C:\Program Files\Android\Android Studio\jre\jre\bin\nio.dll
0x00007ff817ad0000 - 0x00007ff817afa000 	C:\Users\DELL\.gradle\native\36\windows-amd64\native-platform.dll
0x00007ff82ecf0000 - 0x00007ff82ecfd000 	C:\Program Files\Android\Android Studio\jre\jre\bin\management.dll
0x00007ff833450000 - 0x00007ff833468000 	C:\Windows\SYSTEM32\CRYPTSP.dll
0x00007ff832ba0000 - 0x00007ff832bd4000 	C:\Windows\system32\rsaenh.dll
0x00007ff833ef0000 - 0x00007ff833f17000 	C:\Windows\System32\bcrypt.dll
0x00007ff833940000 - 0x00007ff83396e000 	C:\Windows\SYSTEM32\USERENV.dll
0x00007ff834330000 - 0x00007ff8343af000 	C:\Windows\System32\bcryptprimitives.dll
0x00007ff833470000 - 0x00007ff83347c000 	C:\Windows\SYSTEM32\CRYPTBASE.dll
0x00007ff832f20000 - 0x00007ff832f5b000 	C:\Windows\SYSTEM32\IPHLPAPI.DLL
0x00007ff835a40000 - 0x00007ff835a49000 	C:\Windows\System32\NSI.dll
0x00007ff82b2c0000 - 0x00007ff82b2d7000 	C:\Windows\SYSTEM32\dhcpcsvc6.DLL
0x00007ff82b240000 - 0x00007ff82b25d000 	C:\Windows\SYSTEM32\dhcpcsvc.DLL
0x00007ff832f70000 - 0x00007ff83303b000 	C:\Windows\SYSTEM32\DNSAPI.dll

VM Arguments:
jvm_args: -XX:MaxMetaspaceSize=256m -XX:+HeapDumpOnOutOfMemoryError -Xms256m -Xmx512m -Dfile.encoding=windows-1252 -Duser.country=US -Duser.language=en -Duser.variant 
java_command: org.gradle.launcher.daemon.bootstrap.GradleDaemon 6.2
java_class_path (initial): C:\Users\DELL\.gradle\wrapper\dists\gradle-6.2-all\dvufqs6kielxeao781pmk5huj\gradle-6.2\lib\gradle-launcher-6.2.jar
Launcher Type: SUN_STANDARD

Environment Variables:
JAVA_HOME=C:\Program Files\Android\Android Studio\jre
CLASSPATH=C:\Users\DELL\Documents\My Apps\Mobile App\firstclassbrain\android\\gradle\wrapper\gradle-wrapper.jar
PATH=C:\Users\DELL\Documents\My Apps\Mobile App\firstclassbrain\android\node_modules\.bin;C:\Users\DELL\Documents\My Apps\Mobile App\firstclassbrain\node_modules\.bin;C:\Users\DELL\Documents\My Apps\Mobile App\node_modules\.bin;C:\Users\DELL\Documents\My Apps\node_modules\.bin;C:\Users\DELL\Documents\node_modules\.bin;C:\Users\DELL\node_modules\.bin;C:\Users\node_modules\.bin;C:\node_modules\.bin;C:\Program Files\nodejs;C:\Program Files\Git\mingw64\bin;C:\Program Files\Git\usr\bin;C:\Users\DELL\bin;C:\Python38\Scripts;C:\Python38;C:\Windows\system32;C:\Windows;C:\Windows\System32\Wbem;C:\Windows\System32\WindowsPowerShell\v1.0;C:\Windows\System32\OpenSSH;C:\Program Files\Git\cmd;C:\ProgramData\chocolatey\bin;C:\Program Files (x86)\Yarn\bin;C:\wamp64\bin\php\php7.4.0;C:\ProgramData\ComposerSetup\bin;C:\adb;C:\Program Files\Android\Android Studio\jre\bin;C:\Users\DELL\AppData\Roaming\nvm;C:\Program Files\nodejs;C:\Users\DELL\AppData\Local\Microsoft\WindowsApps;C:\Program Files\heroku\bin;C:\Users\DELL\AppData\Roaming\npm;C:\Users\DELL\AppData\Local\Yarn\bin;C:\Users\DELL\AppData\Local\Programs\Microsoft VS Code\bin;C:\Users\DELL\AppData\Roaming\Composer\vendor\bin;C:\Users\DELL\AppData\Roaming\nvm;C:\Program Files\nodejs
USERNAME=DELL
OS=Windows_NT
PROCESSOR_IDENTIFIER=Intel64 Family 6 Model 61 Stepping 4, GenuineIntel



---------------  S Y S T E M  ---------------

OS: Windows 10.0 , 64 bit Build 19041 (10.0.19041.292)

CPU:total 4 (initial active 4) (2 cores per cpu, 2 threads per core) family 6 model 61 stepping 4, cmov, cx8, fxsr, mmx, sse, sse2, sse3, ssse3, sse4.1, sse4.2, popcnt, avx, avx2, aes, clmul, erms, rtm, 3dnowpref, lzcnt, ht, tsc, tscinvbit, bmi1, bmi2, adx

Memory: 4k page, physical 8257808k(324760k free), swap 33423632k(5096k free)

vm_info: OpenJDK 64-Bit Server VM (25.242-b01) for windows-amd64 JRE (1.8.0_242-release-1644-b01), built by "builder" with MS VC++ 10.0 (VS2010)

time: Fri Oct 02 16:59:25 2020
timezone: W. Central Africa Standard Time
elapsed time: 14 seconds (0d 0h 0m 14s)

